Database Import report for master_example
Wed May  6 21:41:33 2015
Quartus II 64-Bit Version 15.0.0 Build 145 04/22/2015 SJ Full Version


---------------------
; Table of Contents ;
---------------------
  1. Legal Notice
  2. Database Import Summary
  3. Database Import Messages



----------------
; Legal Notice ;
----------------
Copyright (C) 1991-2015 Altera Corporation. All rights reserved.
Your use of Altera Corporation's design tools, logic functions 
and other software and tools, and its AMPP partner logic 
functions, and any output files from any of the foregoing 
(including device programming or simulation files), and any 
associated documentation or information are expressly subject 
to the terms and conditions of the Altera Program License 
Subscription Agreement, the Altera Quartus II License Agreement,
the Altera MegaCore Function License Agreement, or other 
applicable license agreement, including, without limitation, 
that your use is for the sole purpose of programming logic 
devices manufactured by Altera and sold by Altera or its 
authorized distributors.  Please refer to the applicable 
agreement for further details.



+----------------------------------------------------------------+
; Database Import Summary                                        ;
+------------------------+---------------------------------------+
; Database Import Status ; Successful - Wed May  6 21:41:33 2015 ;
; Revision Name          ; master_example                        ;
; Top-level Entity Name  ; master_example                        ;
; Family                 ; Cyclone IV GX                         ;
; Device                 ; EP4CGX150DF31C7                       ;
+------------------------+---------------------------------------+


+--------------------------+
; Database Import Messages ;
+--------------------------+
Info: *******************************************************************
Info: Running Quartus II 64-Bit Database Import
    Info: Version 15.0.0 Build 145 04/22/2015 SJ Full Version
    Info: Processing started: Wed May  6 21:41:03 2015
Info: Command: quartus_cdb master_example -c master_example --import_database=/home/gnarlycow/de2i150-master/demo_advanced/hardware/export_db
Info (39037): Successfully imported the post-synthesis black-box database
Info (39037): Successfully imported the post-synthesis database
Info (39037): Successfully imported the post-fitter database
Info (39047): Run the TimeQuest Timing Analyzer to generate timing information
Info (39059): Run quartus_fit with --check_netlist option to verify the imported netlist is legal in the current version of Quartus II software
Info: Quartus II 64-Bit Database Import was successful. 0 errors, 0 warnings
    Info: Peak virtual memory: 1412 megabytes
    Info: Processing ended: Wed May  6 21:41:33 2015
    Info: Elapsed time: 00:00:30
    Info: Total CPU time (on all processors): 00:00:30


