Database Export report for master_example
Thu May  7 12:53:25 2015
Quartus II 64-Bit Version 15.0.0 Build 145 04/22/2015 SJ Full Version


---------------------
; Table of Contents ;
---------------------
  1. Legal Notice
  2. Database Export Summary
  3. Database Export Messages



----------------
; Legal Notice ;
----------------
Copyright (C) 1991-2015 Altera Corporation. All rights reserved.
Your use of Altera Corporation's design tools, logic functions 
and other software and tools, and its AMPP partner logic 
functions, and any output files from any of the foregoing 
(including device programming or simulation files), and any 
associated documentation or information are expressly subject 
to the terms and conditions of the Altera Program License 
Subscription Agreement, the Altera Quartus II License Agreement,
the Altera MegaCore Function License Agreement, or other 
applicable license agreement, including, without limitation, 
that your use is for the sole purpose of programming logic 
devices manufactured by Altera and sold by Altera or its 
authorized distributors.  Please refer to the applicable 
agreement for further details.



+----------------------------------------------------------------+
; Database Export Summary                                        ;
+------------------------+---------------------------------------+
; Database Export Status ; Successful - Thu May  7 12:53:25 2015 ;
; Revision Name          ; master_example                        ;
; Top-level Entity Name  ; master_example                        ;
; Family                 ; Cyclone IV GX                         ;
; Device                 ; EP4CGX150DF31C7                       ;
+------------------------+---------------------------------------+


+--------------------------+
; Database Export Messages ;
+--------------------------+
Info: *******************************************************************
Info: Running Quartus II 64-Bit Database Export
    Info: Version 15.0.0 Build 145 04/22/2015 SJ Full Version
    Info: Processing started: Thu May  7 12:52:43 2015
Info: Command: quartus_cdb master_example -c master_example --export_database=/home/gnarlycow/PLazeR/src/hardware/export_db
Info (39038): Successfully exported the post-synthesis black-box database
Info (39038): Successfully exported the post-synthesis database
Info (39038): Successfully exported the post-fitter database
Info: Quartus II 64-Bit Database Export was successful. 0 errors, 0 warnings
    Info: Peak virtual memory: 1399 megabytes
    Info: Processing ended: Thu May  7 12:53:25 2015
    Info: Elapsed time: 00:00:42
    Info: Total CPU time (on all processors): 00:00:42


