Flow report for master_example
Thu May  7 13:52:04 2015
Quartus II 64-Bit Version 15.0.0 Build 145 04/22/2015 SJ Full Version


---------------------
; Table of Contents ;
---------------------
  1. Legal Notice
  2. Flow Summary
  3. Flow Settings
  4. Flow Non-Default Global Settings
  5. Flow Elapsed Time
  6. Flow OS Summary
  7. Flow Log
  8. Flow Messages
  9. Flow Suppressed Messages



----------------
; Legal Notice ;
----------------
Copyright (C) 1991-2015 Altera Corporation. All rights reserved.
Your use of Altera Corporation's design tools, logic functions 
and other software and tools, and its AMPP partner logic 
functions, and any output files from any of the foregoing 
(including device programming or simulation files), and any 
associated documentation or information are expressly subject 
to the terms and conditions of the Altera Program License 
Subscription Agreement, the Altera Quartus II License Agreement,
the Altera MegaCore Function License Agreement, or other 
applicable license agreement, including, without limitation, 
that your use is for the sole purpose of programming logic 
devices manufactured by Altera and sold by Altera or its 
authorized distributors.  Please refer to the applicable 
agreement for further details.



+----------------------------------------------------------------------------------+
; Flow Summary                                                                     ;
+------------------------------------+---------------------------------------------+
; Flow Status                        ; Successful - Thu May  7 13:52:04 2015       ;
; Quartus II 64-Bit Version          ; 15.0.0 Build 145 04/22/2015 SJ Full Version ;
; Revision Name                      ; master_example                              ;
; Top-level Entity Name              ; master_example                              ;
; Family                             ; Cyclone IV GX                               ;
; Device                             ; EP4CGX150DF31C7                             ;
; Timing Models                      ; Final                                       ;
; Total logic elements               ; 17,171 / 149,760 ( 11 % )                   ;
;     Total combinational functions  ; 11,345 / 149,760 ( 8 % )                    ;
;     Dedicated logic registers      ; 12,989 / 149,760 ( 9 % )                    ;
; Total registers                    ; 13107                                       ;
; Total pins                         ; 171 / 508 ( 34 % )                          ;
; Total virtual pins                 ; 0                                           ;
; Total memory bits                  ; 269,544 / 6,635,520 ( 4 % )                 ;
; Embedded Multiplier 9-bit elements ; 0 / 720 ( 0 % )                             ;
; Total GXB Receiver Channel PCS     ; 1 / 8 ( 13 % )                              ;
; Total GXB Receiver Channel PMA     ; 1 / 8 ( 13 % )                              ;
; Total GXB Transmitter Channel PCS  ; 1 / 8 ( 13 % )                              ;
; Total GXB Transmitter Channel PMA  ; 1 / 8 ( 13 % )                              ;
; Total PLLs                         ; 2 / 8 ( 25 % )                              ;
+------------------------------------+---------------------------------------------+


+-----------------------------------------+
; Flow Settings                           ;
+-------------------+---------------------+
; Option            ; Setting             ;
+-------------------+---------------------+
; Start date & time ; 05/07/2015 13:47:10 ;
; Main task         ; Compilation         ;
; Revision Name     ; master_example      ;
+-------------------+---------------------+


+-------------------------------------------------------------------------------------------------------------------------------------------------------------------------------------------------+
; Flow Non-Default Global Settings                                                                                                                                                                ;
+-----------------------------------------------+----------------------------------------------------------------------------------+---------------+---------------------------+------------------+
; Assignment Name                               ; Value                                                                            ; Default Value ; Entity Name               ; Section Id       ;
+-----------------------------------------------+----------------------------------------------------------------------------------+---------------+---------------------------+------------------+
; AUTO_EXPORT_INCREMENTAL_COMPILATION           ; On                                                                               ; Off           ; --                        ; --               ;
; AUTO_EXPORT_VER_COMPATIBLE_DB                 ; On                                                                               ; Off           ; --                        ; --               ;
; COMPILER_SIGNATURE_ID                         ; 128454786326796.143102083014246                                                  ; --            ; --                        ; --               ;
; EDA_OUTPUT_DATA_FORMAT                        ; Verilog Hdl                                                                      ; --            ; --                        ; eda_simulation   ;
; EDA_SIMULATION_TOOL                           ; ModelSim (Verilog)                                                               ; <None>        ; --                        ; --               ;
; EDA_TIME_SCALE                                ; 1 ps                                                                             ; --            ; --                        ; eda_simulation   ;
; ENABLE_SIGNALTAP                              ; On                                                                               ; --            ; --                        ; --               ;
; INCREMENTAL_COMPILATION_EXPORT_FILE           ; master_example.qxp                                                               ; --            ; --                        ; --               ;
; INCREMENTAL_COMPILATION_EXPORT_FLATTEN        ; On                                                                               ; --            ; --                        ; --               ;
; INCREMENTAL_COMPILATION_EXPORT_PARTITION_NAME ; Top                                                                              ; --            ; --                        ; --               ;
; INCREMENTAL_COMPILATION_EXPORT_POST_FIT       ; On                                                                               ; --            ; --                        ; --               ;
; INCREMENTAL_COMPILATION_EXPORT_POST_SYNTH     ; On                                                                               ; --            ; --                        ; --               ;
; INCREMENTAL_COMPILATION_EXPORT_ROUTING        ; On                                                                               ; --            ; --                        ; --               ;
; MAX_CORE_JUNCTION_TEMP                        ; 85                                                                               ; --            ; --                        ; --               ;
; MIN_CORE_JUNCTION_TEMP                        ; 0                                                                                ; --            ; --                        ; --               ;
; MISC_FILE                                     ; amm_master_qsys_with_pcie/synthesis/../amm_master_qsys_with_pcie.cmp             ; --            ; --                        ; --               ;
; MISC_FILE                                     ; amm_master_qsys_with_pcie/synthesis/../../amm_master_qsys_with_pcie.qsys         ; --            ; --                        ; --               ;
; NUM_PARALLEL_PROCESSORS                       ; All                                                                              ; --            ; --                        ; --               ;
; OUTPUT_IO_TIMING_FAR_END_VMEAS                ; Half Signal Swing                                                                ; --            ; --                        ; --               ;
; OUTPUT_IO_TIMING_FAR_END_VMEAS                ; Half Signal Swing                                                                ; --            ; --                        ; --               ;
; OUTPUT_IO_TIMING_NEAR_END_VMEAS               ; Half Vccio                                                                       ; --            ; --                        ; --               ;
; OUTPUT_IO_TIMING_NEAR_END_VMEAS               ; Half Vccio                                                                       ; --            ; --                        ; --               ;
; PARTITION_COLOR                               ; 16764057                                                                         ; --            ; --                        ; Top              ;
; PARTITION_FITTER_PRESERVATION_LEVEL           ; PLACEMENT_AND_ROUTING                                                            ; --            ; --                        ; Top              ;
; PARTITION_NETLIST_TYPE                        ; SOURCE                                                                           ; --            ; --                        ; Top              ;
; POWER_BOARD_THERMAL_MODEL                     ; None (CONSERVATIVE)                                                              ; --            ; --                        ; --               ;
; POWER_PRESET_COOLING_SOLUTION                 ; 23 MM HEAT SINK WITH 200 LFPM AIRFLOW                                            ; --            ; --                        ; --               ;
; PROJECT_OUTPUT_DIRECTORY                      ; output_files                                                                     ; --            ; --                        ; --               ;
; SLD_FILE                                      ; amm_master_qsys_with_pcie/synthesis/amm_master_qsys_with_pcie.debuginfo          ; --            ; --                        ; --               ;
; SLD_FILE                                      ; db/stp3_auto_stripped.stp                                                        ; --            ; --                        ; --               ;
; SLD_INFO                                      ; QSYS_NAME amm_master_qsys_with_pcie HAS_SOPCINFO 1 GENERATION_ID 1424749099      ; --            ; amm_master_qsys_with_pcie ; --               ;
; SLD_NODE_CREATOR_ID                           ; 110                                                                              ; --            ; --                        ; auto_signaltap_0 ;
; SLD_NODE_ENTITY_NAME                          ; sld_signaltap                                                                    ; --            ; --                        ; auto_signaltap_0 ;
; SLD_NODE_PARAMETER_ASSIGNMENT                 ; SLD_RAM_BLOCK_TYPE=AUTO                                                          ; --            ; --                        ; auto_signaltap_0 ;
; SLD_NODE_PARAMETER_ASSIGNMENT                 ; SLD_DATA_BITS=438                                                                ; --            ; --                        ; auto_signaltap_0 ;
; SLD_NODE_PARAMETER_ASSIGNMENT                 ; SLD_TRIGGER_BITS=438                                                             ; --            ; --                        ; auto_signaltap_0 ;
; SLD_NODE_PARAMETER_ASSIGNMENT                 ; SLD_STORAGE_QUALIFIER_BITS=438                                                   ; --            ; --                        ; auto_signaltap_0 ;
; SLD_NODE_PARAMETER_ASSIGNMENT                 ; SLD_NODE_INFO=805334528                                                          ; --            ; --                        ; auto_signaltap_0 ;
; SLD_NODE_PARAMETER_ASSIGNMENT                 ; SLD_POWER_UP_TRIGGER=0                                                           ; --            ; --                        ; auto_signaltap_0 ;
; SLD_NODE_PARAMETER_ASSIGNMENT                 ; SLD_INVERSION_MASK=0000000000000000000000                                        ; --            ; --                        ; auto_signaltap_0 ;
; SLD_NODE_PARAMETER_ASSIGNMENT                 ; SLD_INVERSION_MASK_LENGTH=22                                                     ; --            ; --                        ; auto_signaltap_0 ;
; SLD_NODE_PARAMETER_ASSIGNMENT                 ; SLD_STORAGE_QUALIFIER_INVERSION_MASK_LENGTH=0                                    ; --            ; --                        ; auto_signaltap_0 ;
; SLD_NODE_PARAMETER_ASSIGNMENT                 ; SLD_SEGMENT_SIZE=256                                                             ; --            ; --                        ; auto_signaltap_0 ;
; SLD_NODE_PARAMETER_ASSIGNMENT                 ; SLD_ATTRIBUTE_MEM_MODE=OFF                                                       ; --            ; --                        ; auto_signaltap_0 ;
; SLD_NODE_PARAMETER_ASSIGNMENT                 ; SLD_STATE_FLOW_USE_GENERATED=0                                                   ; --            ; --                        ; auto_signaltap_0 ;
; SLD_NODE_PARAMETER_ASSIGNMENT                 ; SLD_STATE_BITS=11                                                                ; --            ; --                        ; auto_signaltap_0 ;
; SLD_NODE_PARAMETER_ASSIGNMENT                 ; SLD_BUFFER_FULL_STOP=1                                                           ; --            ; --                        ; auto_signaltap_0 ;
; SLD_NODE_PARAMETER_ASSIGNMENT                 ; SLD_CURRENT_RESOURCE_WIDTH=1                                                     ; --            ; --                        ; auto_signaltap_0 ;
; SLD_NODE_PARAMETER_ASSIGNMENT                 ; SLD_INCREMENTAL_ROUTING=1                                                        ; --            ; --                        ; auto_signaltap_0 ;
; SLD_NODE_PARAMETER_ASSIGNMENT                 ; SLD_TRIGGER_LEVEL=1                                                              ; --            ; --                        ; auto_signaltap_0 ;
; SLD_NODE_PARAMETER_ASSIGNMENT                 ; SLD_SAMPLE_DEPTH=256                                                             ; --            ; --                        ; auto_signaltap_0 ;
; SLD_NODE_PARAMETER_ASSIGNMENT                 ; SLD_TRIGGER_IN_ENABLED=0                                                         ; --            ; --                        ; auto_signaltap_0 ;
; SLD_NODE_PARAMETER_ASSIGNMENT                 ; SLD_ADVANCED_TRIGGER_ENTITY=sld_reserved_master_example_auto_signaltap_0_1_9659, ; --            ; --                        ; auto_signaltap_0 ;
; SLD_NODE_PARAMETER_ASSIGNMENT                 ; SLD_TRIGGER_LEVEL_PIPELINE=1                                                     ; --            ; --                        ; auto_signaltap_0 ;
; SLD_NODE_PARAMETER_ASSIGNMENT                 ; SLD_ENABLE_ADVANCED_TRIGGER=1                                                    ; --            ; --                        ; auto_signaltap_0 ;
; SMART_RECOMPILE                               ; On                                                                               ; Off           ; --                        ; --               ;
; SOPCINFO_FILE                                 ; amm_master_qsys_with_pcie/synthesis/../../amm_master_qsys_with_pcie.sopcinfo     ; --            ; --                        ; --               ;
; SYNTHESIS_ONLY_QIP                            ; On                                                                               ; --            ; --                        ; --               ;
; USE_SIGNALTAP_FILE                            ; stp3.stp                                                                         ; --            ; --                        ; --               ;
+-----------------------------------------------+----------------------------------------------------------------------------------+---------------+---------------------------+------------------+


+-------------------------------------------------------------------------------------------------------------------------------+
; Flow Elapsed Time                                                                                                             ;
+---------------------------+--------------+-------------------------+---------------------+------------------------------------+
; Module Name               ; Elapsed Time ; Average Processors Used ; Peak Virtual Memory ; Total CPU Time (on all processors) ;
+---------------------------+--------------+-------------------------+---------------------+------------------------------------+
; Analysis & Synthesis      ; 00:01:08     ; 1.0                     ; 1537 MB             ; 00:01:37                           ;
; Fitter                    ; 00:01:54     ; 1.8                     ; 1860 MB             ; 00:03:00                           ;
; Assembler                 ; 00:00:00     ; 1.0                     ; 966 MB              ; 00:00:01                           ;
; TimeQuest Timing Analyzer ; 00:00:11     ; 1.6                     ; 1362 MB             ; 00:00:13                           ;
; EDA Netlist Writer        ; 00:00:16     ; 1.0                     ; 1367 MB             ; 00:00:16                           ;
; Database Export           ; 00:00:44     ; 1.0                     ; 1400 MB             ; 00:00:43                           ;
; Total                     ; 00:04:13     ; --                      ; --                  ; 00:05:50                           ;
+---------------------------+--------------+-------------------------+---------------------+------------------------------------+


+-------------------------------------------------------------------------------------------+
; Flow OS Summary                                                                           ;
+---------------------------+------------------+--------------+------------+----------------+
; Module Name               ; Machine Hostname ; OS Name      ; OS Version ; Processor type ;
+---------------------------+------------------+--------------+------------+----------------+
; Analysis & Synthesis      ; gnarlycow-ubuntu ; Ubuntu 14.10 ; 14         ; x86_64         ;
; Fitter                    ; gnarlycow-ubuntu ; Ubuntu 14.10 ; 14         ; x86_64         ;
; Assembler                 ; gnarlycow-ubuntu ; Ubuntu 14.10 ; 14         ; x86_64         ;
; TimeQuest Timing Analyzer ; gnarlycow-ubuntu ; Ubuntu 14.10 ; 14         ; x86_64         ;
; EDA Netlist Writer        ; gnarlycow-ubuntu ; Ubuntu 14.10 ; 14         ; x86_64         ;
; Database Export           ; gnarlycow-ubuntu ; Ubuntu 14.10 ; 14         ; x86_64         ;
+---------------------------+------------------+--------------+------------+----------------+


------------
; Flow Log ;
------------
quartus_map --read_settings_files=on --write_settings_files=off master_example -c master_example
quartus_fit --read_settings_files=off --write_settings_files=off master_example -c master_example
quartus_asm --read_settings_files=off --write_settings_files=off master_example -c master_example
quartus_sta master_example -c master_example
quartus_eda --read_settings_files=off --write_settings_files=off master_example -c master_example
quartus_cdb master_example -c master_example --export_database=/home/gnarlycow/PLazeR/src/hardware/export_db



